2025-06-26 02:41:57,180 - INFO - Starting retrieval process at 2025-06-26 02:41:57
2025-06-26 02:41:57,184 - INFO - Loaded 50 cases from c:\Users\Faliq\Pictures\PENALARAN-KOMPUTER\CBR_Penalararan_Komputer\data\processed\cases.csv
2025-06-26 02:41:57,188 - INFO - TF-IDF matrix shape: (50, 267)
2025-06-26 02:41:57,190 - INFO - Loaded 5 evaluation queries from c:\Users\Faliq\Pictures\PENALARAN-KOMPUTER\CBR_Penalararan_Komputer\data\eval\queries.json
2025-06-26 02:41:57,229 - INFO - Training data shape: (100, 537)
2025-06-26 02:41:57,231 - INFO - Class distribution: [50 50]
2025-06-26 02:41:57,307 - INFO - Best SVM Parameters: {'C': 0.01}
2025-06-26 02:41:57,308 - INFO - Best CV Accuracy: 1.00
2025-06-26 02:41:57,341 - INFO - Query: Legal dispute case 1...
2025-06-26 02:41:57,341 - INFO - Top 5 Results (ID, Score): [('CASE_1', np.float64(0.8921285393776501)), ('CASE_2', np.float64(0.7765136558574761)), ('CASE_3', np.float64(0.7765136558574761)), ('CASE_4', np.float64(0.7765136558574761)), ('CASE_5', np.float64(0.7765136558574761))]
2025-06-26 02:41:57,342 - INFO - FOUND in Top-5: CASE_1
2025-06-26 02:41:57,379 - INFO - Query: Legal dispute case 2...
2025-06-26 02:41:57,381 - INFO - Top 5 Results (ID, Score): [('CASE_2', np.float64(0.8921285393776501)), ('CASE_1', np.float64(0.7765136558574761)), ('CASE_3', np.float64(0.7765136558574761)), ('CASE_4', np.float64(0.7765136558574761)), ('CASE_5', np.float64(0.7765136558574761))]
2025-06-26 02:41:57,382 - INFO - FOUND in Top-5: CASE_2
2025-06-26 02:41:57,415 - INFO - Query: Legal dispute case 3...
2025-06-26 02:41:57,416 - INFO - Top 5 Results (ID, Score): [('CASE_3', np.float64(0.8921285393776501)), ('CASE_1', np.float64(0.7765136558574761)), ('CASE_2', np.float64(0.7765136558574761)), ('CASE_4', np.float64(0.7765136558574761)), ('CASE_5', np.float64(0.7765136558574761))]
2025-06-26 02:41:57,417 - INFO - FOUND in Top-5: CASE_3
2025-06-26 02:41:57,450 - INFO - Query: Legal dispute case 4...
2025-06-26 02:41:57,451 - INFO - Top 5 Results (ID, Score): [('CASE_4', np.float64(0.8921285393776501)), ('CASE_1', np.float64(0.7765136558574761)), ('CASE_2', np.float64(0.7765136558574761)), ('CASE_3', np.float64(0.7765136558574761)), ('CASE_5', np.float64(0.7765136558574761))]
2025-06-26 02:41:57,452 - INFO - FOUND in Top-5: CASE_4
2025-06-26 02:41:57,485 - INFO - Query: Legal dispute case 5...
2025-06-26 02:41:57,486 - INFO - Top 5 Results (ID, Score): [('CASE_5', np.float64(0.8921285393776501)), ('CASE_1', np.float64(0.7765136558574761)), ('CASE_2', np.float64(0.7765136558574761)), ('CASE_3', np.float64(0.7765136558574761)), ('CASE_4', np.float64(0.7765136558574761))]
2025-06-26 02:41:57,487 - INFO - FOUND in Top-5: CASE_5
2025-06-26 02:41:57,487 - INFO - SVM Pairwise Accuracy@5: 5/5 = 1.00
2025-06-26 02:41:57,488 - INFO - SVM Pairwise Recall@10: 5/5 = 1.00
2025-06-26 02:42:55,584 - INFO - Directory ensured: c:\Users\Faliq\Pictures\PENALARAN-KOMPUTER\CBR_Penalararan_Komputer\logs
2025-06-26 02:42:55,585 - INFO - Directory ensured: c:\Users\Faliq\Pictures\PENALARAN-KOMPUTER\CBR_Penalararan_Komputer\data\processed
2025-06-26 02:42:55,586 - INFO - Directory ensured: c:\Users\Faliq\Pictures\PENALARAN-KOMPUTER\CBR_Penalararan_Komputer\data\eval
