2025-06-26 02:46:08,302 - INFO - Starting retrieval process at 2025-06-26 02:46:08
2025-06-26 02:46:08,305 - INFO - Loaded 50 cases from c:\Users\Faliq\Pictures\PENALARAN-KOMPUTER\CBR_Penalararan_Komputer\data\processed\cases.csv
2025-06-26 02:46:08,310 - INFO - TF-IDF matrix shape: (50, 267)
2025-06-26 02:46:08,312 - INFO - Loaded 5 evaluation queries from c:\Users\Faliq\Pictures\PENALARAN-KOMPUTER\CBR_Penalararan_Komputer\data\eval\queries.json
2025-06-26 02:46:08,344 - INFO - Training data shape: (100, 537)
2025-06-26 02:46:08,346 - INFO - Class distribution: [50 50]
2025-06-26 02:46:08,467 - INFO - Best Logistic Regression Parameters: {'C': 0.01}
2025-06-26 02:46:08,468 - INFO - Best CV Accuracy: 1.00
2025-06-26 02:46:08,501 - INFO - Query: Legal dispute case 1...
2025-06-26 02:46:08,502 - INFO - Top 5 Results (ID, Score): [('CASE_1', np.float64(0.6076977686132883)), ('CASE_2', np.float64(0.5946290508613081)), ('CASE_3', np.float64(0.5946290508613081)), ('CASE_4', np.float64(0.5946290508613081)), ('CASE_5', np.float64(0.5946290508613081))]
2025-06-26 02:46:08,503 - INFO - ✅ FOUND in Top-5: CASE_1
2025-06-26 02:46:08,542 - INFO - Query: Legal dispute case 2...
2025-06-26 02:46:08,543 - INFO - Top 5 Results (ID, Score): [('CASE_2', np.float64(0.6076977686132883)), ('CASE_1', np.float64(0.5946290508613081)), ('CASE_3', np.float64(0.5946290508613081)), ('CASE_4', np.float64(0.5946290508613081)), ('CASE_5', np.float64(0.5946290508613081))]
2025-06-26 02:46:08,543 - INFO - ✅ FOUND in Top-5: CASE_2
2025-06-26 02:46:08,579 - INFO - Query: Legal dispute case 3...
2025-06-26 02:46:08,581 - INFO - Top 5 Results (ID, Score): [('CASE_3', np.float64(0.6076977686132883)), ('CASE_1', np.float64(0.5946290508613081)), ('CASE_2', np.float64(0.5946290508613081)), ('CASE_4', np.float64(0.5946290508613081)), ('CASE_5', np.float64(0.5946290508613081))]
2025-06-26 02:46:08,593 - INFO - ✅ FOUND in Top-5: CASE_3
2025-06-26 02:46:08,632 - INFO - Query: Legal dispute case 4...
2025-06-26 02:46:08,633 - INFO - Top 5 Results (ID, Score): [('CASE_4', np.float64(0.6076977686132883)), ('CASE_1', np.float64(0.5946290508613081)), ('CASE_2', np.float64(0.5946290508613081)), ('CASE_3', np.float64(0.5946290508613081)), ('CASE_5', np.float64(0.5946290508613081))]
2025-06-26 02:46:08,635 - INFO - ✅ FOUND in Top-5: CASE_4
2025-06-26 02:46:08,673 - INFO - Query: Legal dispute case 5...
2025-06-26 02:46:08,674 - INFO - Top 5 Results (ID, Score): [('CASE_5', np.float64(0.6076977686132883)), ('CASE_1', np.float64(0.5946290508613081)), ('CASE_2', np.float64(0.5946290508613081)), ('CASE_3', np.float64(0.5946290508613081)), ('CASE_4', np.float64(0.5946290508613081))]
2025-06-26 02:46:08,674 - INFO - ✅ FOUND in Top-5: CASE_5
2025-06-26 02:46:08,675 - INFO - LogReg Pairwise Accuracy@5: 5/5 = 1.00
2025-06-26 02:46:08,676 - INFO - LogReg Pairwise Recall@10: 5/5 = 1.00
